Using pre-set license
Built from '2020.3/staging' branch; Version is '2020.3.8f1 (507919d4fff5) revision 5273881'; Using compiler version '192528614'; Build Type 'Release'
OS: 'Windows 10 Home; OS build 19041.985; Version 2004; 64bit' Language: 'en' Physical Memory: 16329 MB
BatchMode: 1, IsHumanControllingUs: 0, StartBugReporterOnCrash: 0, Is64bit: 1, IsPro: 0

 COMMAND LINE ARGUMENTS:
D:\Unity\2020.3.8f1\Editor\Unity.exe
-adb2
-batchMode
-noUpm
-name
AssetImportWorker0
-projectPath
D:/UnityVampire/Vampire Game
-logFile
Logs/AssetImportWorker0.log
-srvPort
61892
Successfully changed project path to: D:/UnityVampire/Vampire Game
D:/UnityVampire/Vampire Game
Using Asset Import Pipeline V2.
Refreshing native plugins compatible for Editor in 47.42 ms, found 1 plugins.
Preloading 0 native plugins for Editor in 0.00 ms.
Initialize engine version: 2020.3.8f1 (507919d4fff5)
[Subsystems] Discovering subsystems at path D:/Unity/2020.3.8f1/Editor/Data/Resources/UnitySubsystems
[Subsystems] Discovering subsystems at path D:/UnityVampire/Vampire Game/Assets
GfxDevice: creating device client; threaded=0
Direct3D:
    Version:  Direct3D 11.0 [level 11.1]
    Renderer: NVIDIA GeForce GTX 1060 6GB (ID=0x1c03)
    Vendor:   
    VRAM:     6052 MB
    Driver:   27.21.14.5671
Initialize mono
Mono path[0] = 'D:/Unity/2020.3.8f1/Editor/Data/Managed'
Mono path[1] = 'D:/Unity/2020.3.8f1/Editor/Data/MonoBleedingEdge/lib/mono/unityjit'
Mono config path = 'D:/Unity/2020.3.8f1/Editor/Data/MonoBleedingEdge/etc'
Using monoOptions --debugger-agent=transport=dt_socket,embedding=1,server=y,suspend=n,address=127.0.0.1:56852
Begin MonoManager ReloadAssembly
Registering precompiled unity dll's ...
Register platform support module: D:/Unity/2020.3.8f1/Editor/Data/PlaybackEngines/WindowsStandaloneSupport/UnityEditor.WindowsStandalone.Extensions.dll
Registered in 0.003821 seconds.
Native extension for WindowsStandalone target not found
Refreshing native plugins compatible for Editor in 33.54 ms, found 1 plugins.
Preloading 0 native plugins for Editor in 0.00 ms.
Mono: successfully reloaded assembly
- Completed reload, in  1.151 seconds
Platform modules already initialized, skipping
Registering precompiled user dll's ...
Registered in 0.001957 seconds.
Begin MonoManager ReloadAssembly
Native extension for WindowsStandalone target not found
Refreshing native plugins compatible for Editor in 35.71 ms, found 1 plugins.
Preloading 0 native plugins for Editor in 0.00 ms.
Mono: successfully reloaded assembly
- Completed reload, in  0.934 seconds
Platform modules already initialized, skipping
========================================================================
Worker process is ready to serve import requests
Launched and connected shader compiler UnityShaderCompiler.exe after 0.05 seconds
Refreshing native plugins compatible for Editor in 0.61 ms, found 1 plugins.
Preloading 0 native plugins for Editor in 0.00 ms.
Unloading 1808 Unused Serialized files (Serialized files now loaded: 0)
System memory in use before: 84.8 MB.
System memory in use after: 84.8 MB.

Unloading 24 unused Assets to reduce memory usage. Loaded Objects now: 2250.
Total: 2.281900 ms (FindLiveObjects: 0.200100 ms CreateObjectMapping: 0.054700 ms MarkObjects: 1.877900 ms  DeleteObjects: 0.148300 ms)

========================================================================
Received Import Request.
  path: Assets/Scenes/SampleScene.unity
  artifactKey: Guid(2cda990e2423bbf4892e6590ba056729) Importer(815301076,1909f56bfc062723c751e8b465ee728b)
Start importing Assets/Scenes/SampleScene.unity using Guid(2cda990e2423bbf4892e6590ba056729) Importer(815301076,1909f56bfc062723c751e8b465ee728b)  -> (artifact id: 'aa27944bdea339c97c39027c7eea529c') in 0.014556 seconds
  Import took 0.017039 seconds .

========================================================================
Received Import Request.
  Time since last request: 0.000279 seconds.
  path: Assets/Scenes/New Scene.unity
  artifactKey: Guid(ce7b9b2a8be35e848909a3adb1cd97bd) Importer(815301076,1909f56bfc062723c751e8b465ee728b)
Start importing Assets/Scenes/New Scene.unity using Guid(ce7b9b2a8be35e848909a3adb1cd97bd) Importer(815301076,1909f56bfc062723c751e8b465ee728b)  -> (artifact id: 'a31897e26b84399d3d1bc9be97e2c982') in 0.007041 seconds
  Import took 0.009484 seconds .

========================================================================
Received Import Request.
  Time since last request: 19.946067 seconds.
  path: Assets/Scenes/Menu.unity
  artifactKey: Guid(ce7b9b2a8be35e848909a3adb1cd97bd) Importer(815301076,1909f56bfc062723c751e8b465ee728b)
Start importing Assets/Scenes/Menu.unity using Guid(ce7b9b2a8be35e848909a3adb1cd97bd) Importer(815301076,1909f56bfc062723c751e8b465ee728b)  -> (artifact id: '0926bd4a10d977248a150f4724cf010d') in 0.008771 seconds
  Import took 0.011310 seconds .

========================================================================
Received Import Request.
  Time since last request: 1.189648 seconds.
  path: Assets/Scenes
  artifactKey: Guid(79c37408d9842a54793a78f0e1841051) Importer(815301076,1909f56bfc062723c751e8b465ee728b)
Start importing Assets/Scenes using Guid(79c37408d9842a54793a78f0e1841051) Importer(815301076,1909f56bfc062723c751e8b465ee728b)  -> (artifact id: '11f8800271c8d2df68a4e47f884c57bc') in 0.026066 seconds
  Import took 0.028846 seconds .

========================================================================
Received Import Request.
  Time since last request: 6.424455 seconds.
  path: Assets/Scenes/Game.unity
  artifactKey: Guid(4e07ef77ee6af274cb26147efa3dbe98) Importer(815301076,1909f56bfc062723c751e8b465ee728b)
Start importing Assets/Scenes/Game.unity using Guid(4e07ef77ee6af274cb26147efa3dbe98) Importer(815301076,1909f56bfc062723c751e8b465ee728b)  -> (artifact id: '8864c2d8ca15f3ea51be223d4677015a') in 0.007578 seconds
  Import took 0.010322 seconds .

========================================================================
Received Import Request.
  Time since last request: 1044.177625 seconds.
  path: Assets/MenuBackground.png
  artifactKey: Guid(709f375a2ac3f5541bdb4baad295d1b0) Importer(815301076,1909f56bfc062723c751e8b465ee728b)
Start importing Assets/MenuBackground.png using Guid(709f375a2ac3f5541bdb4baad295d1b0) Importer(815301076,1909f56bfc062723c751e8b465ee728b)  -> (artifact id: '822d0744b2311aa53b917bb1fcdb0d3f') in 0.156307 seconds
  Import took 0.159997 seconds .

========================================================================
Received Import Request.
  Time since last request: 721.159495 seconds.
  path: Assets/New TMP Color Gradient.asset
  artifactKey: Guid(3bc2ebe3b06a68e49953a23b95b02b1d) Importer(815301076,1909f56bfc062723c751e8b465ee728b)
Start importing Assets/New TMP Color Gradient.asset using Guid(3bc2ebe3b06a68e49953a23b95b02b1d) Importer(815301076,1909f56bfc062723c751e8b465ee728b)  -> (artifact id: '1288187ec050e08569c3bc32f276a256') in 0.013886 seconds
  Import took 0.017361 seconds .

========================================================================
Received Import Request.
  Time since last request: 15.854035 seconds.
  path: Assets/BloodGrad.asset
  artifactKey: Guid(3bc2ebe3b06a68e49953a23b95b02b1d) Importer(815301076,1909f56bfc062723c751e8b465ee728b)
Start importing Assets/BloodGrad.asset using Guid(3bc2ebe3b06a68e49953a23b95b02b1d) Importer(815301076,1909f56bfc062723c751e8b465ee728b)  -> (artifact id: '337b66e27b22f3f14c70e9955fa6b46c') in 0.007937 seconds
  Import took 0.011557 seconds .

========================================================================
Received Prepare
Registering precompiled user dll's ...
Registered in 0.001860 seconds.
Begin MonoManager ReloadAssembly
Native extension for WindowsStandalone target not found
Refreshing native plugins compatible for Editor in 0.32 ms, found 1 plugins.
Preloading 0 native plugins for Editor in 0.00 ms.
Mono: successfully reloaded assembly
- Completed reload, in  0.865 seconds
Platform modules already initialized, skipping
Refreshing native plugins compatible for Editor in 0.31 ms, found 1 plugins.
Preloading 0 native plugins for Editor in 0.00 ms.
Unloading 1816 Unused Serialized files (Serialized files now loaded: 0)
System memory in use before: 89.9 MB.
System memory in use after: 89.2 MB.

Unloading 25 unused Assets to reduce memory usage. Loaded Objects now: 2260.
Total: 2.210300 ms (FindLiveObjects: 0.172100 ms CreateObjectMapping: 0.051200 ms MarkObjects: 1.644000 ms  DeleteObjects: 0.342200 ms)

========================================================================
Received Prepare
Registering precompiled user dll's ...
Registered in 0.001314 seconds.
Begin MonoManager ReloadAssembly
Native extension for WindowsStandalone target not found
Refreshing native plugins compatible for Editor in 0.35 ms, found 1 plugins.
Preloading 0 native plugins for Editor in 0.00 ms.
Mono: successfully reloaded assembly
- Completed reload, in  0.849 seconds
Platform modules already initialized, skipping
Refreshing native plugins compatible for Editor in 0.31 ms, found 1 plugins.
Preloading 0 native plugins for Editor in 0.00 ms.
Unloading 1816 Unused Serialized files (Serialized files now loaded: 0)
System memory in use before: 89.9 MB.
System memory in use after: 89.3 MB.

Unloading 25 unused Assets to reduce memory usage. Loaded Objects now: 2264.
Total: 2.385700 ms (FindLiveObjects: 0.176100 ms CreateObjectMapping: 0.057300 ms MarkObjects: 1.780100 ms  DeleteObjects: 0.371300 ms)

========================================================================
Received Prepare
Registering precompiled user dll's ...
Registered in 0.001816 seconds.
Begin MonoManager ReloadAssembly
Native extension for WindowsStandalone target not found
Refreshing native plugins compatible for Editor in 0.34 ms, found 1 plugins.
Preloading 0 native plugins for Editor in 0.00 ms.
Mono: successfully reloaded assembly
- Completed reload, in  0.888 seconds
Platform modules already initialized, skipping
Refreshing native plugins compatible for Editor in 0.31 ms, found 1 plugins.
Preloading 0 native plugins for Editor in 0.00 ms.
Unloading 1816 Unused Serialized files (Serialized files now loaded: 0)
System memory in use before: 90.0 MB.
System memory in use after: 89.3 MB.

Unloading 25 unused Assets to reduce memory usage. Loaded Objects now: 2268.
Total: 2.561100 ms (FindLiveObjects: 0.217500 ms CreateObjectMapping: 0.069700 ms MarkObjects: 1.895600 ms  DeleteObjects: 0.377300 ms)

========================================================================
Received Prepare
Registering precompiled user dll's ...
Registered in 0.001846 seconds.
Begin MonoManager ReloadAssembly
Native extension for WindowsStandalone target not found
Refreshing native plugins compatible for Editor in 0.34 ms, found 1 plugins.
Preloading 0 native plugins for Editor in 0.00 ms.
Mono: successfully reloaded assembly
- Completed reload, in  0.851 seconds
Platform modules already initialized, skipping
Refreshing native plugins compatible for Editor in 0.36 ms, found 1 plugins.
Preloading 0 native plugins for Editor in 0.00 ms.
Unloading 1816 Unused Serialized files (Serialized files now loaded: 0)
System memory in use before: 90.0 MB.
System memory in use after: 89.3 MB.

Unloading 25 unused Assets to reduce memory usage. Loaded Objects now: 2272.
Total: 2.258200 ms (FindLiveObjects: 0.183000 ms CreateObjectMapping: 0.053900 ms MarkObjects: 1.568100 ms  DeleteObjects: 0.452300 ms)

========================================================================
Received Prepare
Registering precompiled user dll's ...
Registered in 0.001307 seconds.
Begin MonoManager ReloadAssembly
Native extension for WindowsStandalone target not found
Refreshing native plugins compatible for Editor in 0.37 ms, found 1 plugins.
Preloading 0 native plugins for Editor in 0.00 ms.
Mono: successfully reloaded assembly
- Completed reload, in  0.847 seconds
Platform modules already initialized, skipping
Refreshing native plugins compatible for Editor in 0.35 ms, found 1 plugins.
Preloading 0 native plugins for Editor in 0.00 ms.
Unloading 1816 Unused Serialized files (Serialized files now loaded: 0)
System memory in use before: 90.0 MB.
System memory in use after: 89.3 MB.

Unloading 25 unused Assets to reduce memory usage. Loaded Objects now: 2276.
Total: 2.583100 ms (FindLiveObjects: 0.272300 ms CreateObjectMapping: 0.104400 ms MarkObjects: 1.774200 ms  DeleteObjects: 0.431000 ms)

========================================================================
Received Prepare
Registering precompiled user dll's ...
Registered in 0.001377 seconds.
Begin MonoManager ReloadAssembly
Native extension for WindowsStandalone target not found
Refreshing native plugins compatible for Editor in 0.33 ms, found 1 plugins.
Preloading 0 native plugins for Editor in 0.00 ms.
Mono: successfully reloaded assembly
- Completed reload, in  0.857 seconds
Platform modules already initialized, skipping
Refreshing native plugins compatible for Editor in 0.32 ms, found 1 plugins.
Preloading 0 native plugins for Editor in 0.00 ms.
Unloading 1816 Unused Serialized files (Serialized files now loaded: 0)
System memory in use before: 90.0 MB.
System memory in use after: 89.3 MB.

Unloading 25 unused Assets to reduce memory usage. Loaded Objects now: 2280.
Total: 2.358100 ms (FindLiveObjects: 0.193100 ms CreateObjectMapping: 0.064100 ms MarkObjects: 1.710000 ms  DeleteObjects: 0.390100 ms)

========================================================================
Received Prepare
Registering precompiled user dll's ...
Registered in 0.001331 seconds.
Begin MonoManager ReloadAssembly
Native extension for WindowsStandalone target not found
Refreshing native plugins compatible for Editor in 0.38 ms, found 1 plugins.
Preloading 0 native plugins for Editor in 0.00 ms.
Mono: successfully reloaded assembly
- Completed reload, in  0.842 seconds
Platform modules already initialized, skipping
Refreshing native plugins compatible for Editor in 0.38 ms, found 1 plugins.
Preloading 0 native plugins for Editor in 0.00 ms.
Unloading 1816 Unused Serialized files (Serialized files now loaded: 0)
System memory in use before: 90.0 MB.
System memory in use after: 89.3 MB.

Unloading 25 unused Assets to reduce memory usage. Loaded Objects now: 2284.
Total: 2.440900 ms (FindLiveObjects: 0.179900 ms CreateObjectMapping: 0.055500 ms MarkObjects: 1.796400 ms  DeleteObjects: 0.408000 ms)

========================================================================
Received Prepare
Registering precompiled user dll's ...
Registered in 0.001296 seconds.
Begin MonoManager ReloadAssembly
Native extension for WindowsStandalone target not found
Refreshing native plugins compatible for Editor in 0.31 ms, found 1 plugins.
Preloading 0 native plugins for Editor in 0.00 ms.
Mono: successfully reloaded assembly
- Completed reload, in  0.834 seconds
Platform modules already initialized, skipping
Refreshing native plugins compatible for Editor in 0.34 ms, found 1 plugins.
Preloading 0 native plugins for Editor in 0.00 ms.
Unloading 1816 Unused Serialized files (Serialized files now loaded: 0)
System memory in use before: 90.0 MB.
System memory in use after: 89.3 MB.

Unloading 25 unused Assets to reduce memory usage. Loaded Objects now: 2288.
Total: 2.296200 ms (FindLiveObjects: 0.168100 ms CreateObjectMapping: 0.073600 ms MarkObjects: 1.658400 ms  DeleteObjects: 0.395400 ms)

========================================================================
Received Prepare
Registering precompiled user dll's ...
Registered in 0.001331 seconds.
Begin MonoManager ReloadAssembly
Native extension for WindowsStandalone target not found
Refreshing native plugins compatible for Editor in 0.31 ms, found 1 plugins.
Preloading 0 native plugins for Editor in 0.00 ms.
Mono: successfully reloaded assembly
- Completed reload, in  0.829 seconds
Platform modules already initialized, skipping
Refreshing native plugins compatible for Editor in 0.31 ms, found 1 plugins.
Preloading 0 native plugins for Editor in 0.00 ms.
Unloading 1816 Unused Serialized files (Serialized files now loaded: 0)
System memory in use before: 90.0 MB.
System memory in use after: 89.3 MB.

Unloading 25 unused Assets to reduce memory usage. Loaded Objects now: 2292.
Total: 2.396100 ms (FindLiveObjects: 0.176200 ms CreateObjectMapping: 0.052000 ms MarkObjects: 1.784100 ms  DeleteObjects: 0.382900 ms)

========================================================================
Received Prepare
Registering precompiled user dll's ...
Registered in 0.001527 seconds.
Begin MonoManager ReloadAssembly
Native extension for WindowsStandalone target not found
Refreshing native plugins compatible for Editor in 0.35 ms, found 1 plugins.
Preloading 0 native plugins for Editor in 0.00 ms.
Mono: successfully reloaded assembly
- Completed reload, in  0.874 seconds
Platform modules already initialized, skipping
Refreshing native plugins compatible for Editor in 0.38 ms, found 1 plugins.
Preloading 0 native plugins for Editor in 0.00 ms.
Unloading 1816 Unused Serialized files (Serialized files now loaded: 0)
System memory in use before: 90.0 MB.
System memory in use after: 89.3 MB.

Unloading 25 unused Assets to reduce memory usage. Loaded Objects now: 2296.
Total: 2.369100 ms (FindLiveObjects: 0.149300 ms CreateObjectMapping: 0.056100 ms MarkObjects: 1.686100 ms  DeleteObjects: 0.476800 ms)

========================================================================
Received Prepare
Registering precompiled user dll's ...
Registered in 0.001974 seconds.
Begin MonoManager ReloadAssembly
Native extension for WindowsStandalone target not found
Refreshing native plugins compatible for Editor in 0.55 ms, found 1 plugins.
Preloading 0 native plugins for Editor in 0.00 ms.
Mono: successfully reloaded assembly
- Completed reload, in  1.108 seconds
Platform modules already initialized, skipping
Refreshing native plugins compatible for Editor in 0.40 ms, found 1 plugins.
Preloading 0 native plugins for Editor in 0.00 ms.
Unloading 1816 Unused Serialized files (Serialized files now loaded: 0)
System memory in use before: 90.0 MB.
System memory in use after: 89.4 MB.

Unloading 25 unused Assets to reduce memory usage. Loaded Objects now: 2300.
Total: 2.547600 ms (FindLiveObjects: 0.184400 ms CreateObjectMapping: 0.077300 ms MarkObjects: 1.775200 ms  DeleteObjects: 0.509100 ms)

========================================================================
Received Prepare
Registering precompiled user dll's ...
Registered in 0.001536 seconds.
Begin MonoManager ReloadAssembly
Native extension for WindowsStandalone target not found
Refreshing native plugins compatible for Editor in 0.42 ms, found 1 plugins.
Preloading 0 native plugins for Editor in 0.00 ms.
Mono: successfully reloaded assembly
- Completed reload, in  0.986 seconds
Platform modules already initialized, skipping
Refreshing native plugins compatible for Editor in 0.31 ms, found 1 plugins.
Preloading 0 native plugins for Editor in 0.00 ms.
Unloading 1817 Unused Serialized files (Serialized files now loaded: 0)
System memory in use before: 90.1 MB.
System memory in use after: 89.4 MB.

Unloading 25 unused Assets to reduce memory usage. Loaded Objects now: 2305.
Total: 2.131900 ms (FindLiveObjects: 0.175500 ms CreateObjectMapping: 0.053100 ms MarkObjects: 1.502700 ms  DeleteObjects: 0.399900 ms)

========================================================================
Received Prepare
Registering precompiled user dll's ...
Registered in 0.001767 seconds.
Begin MonoManager ReloadAssembly
Native extension for WindowsStandalone target not found
Refreshing native plugins compatible for Editor in 0.42 ms, found 1 plugins.
Preloading 0 native plugins for Editor in 0.00 ms.
Mono: successfully reloaded assembly
- Completed reload, in  0.883 seconds
Platform modules already initialized, skipping
Refreshing native plugins compatible for Editor in 0.46 ms, found 1 plugins.
Preloading 0 native plugins for Editor in 0.00 ms.
Unloading 1817 Unused Serialized files (Serialized files now loaded: 0)
System memory in use before: 90.1 MB.
System memory in use after: 89.4 MB.

Unloading 25 unused Assets to reduce memory usage. Loaded Objects now: 2309.
Total: 2.118800 ms (FindLiveObjects: 0.177500 ms CreateObjectMapping: 0.049800 ms MarkObjects: 1.504600 ms  DeleteObjects: 0.386100 ms)

========================================================================
Received Prepare
Registering precompiled user dll's ...
Registered in 0.001350 seconds.
Begin MonoManager ReloadAssembly
Native extension for WindowsStandalone target not found
Refreshing native plugins compatible for Editor in 0.32 ms, found 1 plugins.
Preloading 0 native plugins for Editor in 0.00 ms.
Mono: successfully reloaded assembly
- Completed reload, in  0.845 seconds
Platform modules already initialized, skipping
Refreshing native plugins compatible for Editor in 0.37 ms, found 1 plugins.
Preloading 0 native plugins for Editor in 0.00 ms.
Unloading 1817 Unused Serialized files (Serialized files now loaded: 0)
System memory in use before: 90.1 MB.
System memory in use after: 89.4 MB.

Unloading 25 unused Assets to reduce memory usage. Loaded Objects now: 2313.
Total: 2.301700 ms (FindLiveObjects: 0.149400 ms CreateObjectMapping: 0.051700 ms MarkObjects: 1.633100 ms  DeleteObjects: 0.466700 ms)

========================================================================
Received Prepare
Registering precompiled user dll's ...
Registered in 0.001408 seconds.
Begin MonoManager ReloadAssembly
Native extension for WindowsStandalone target not found
Refreshing native plugins compatible for Editor in 0.31 ms, found 1 plugins.
Preloading 0 native plugins for Editor in 0.00 ms.
Mono: successfully reloaded assembly
- Completed reload, in  0.879 seconds
Platform modules already initialized, skipping
Refreshing native plugins compatible for Editor in 0.31 ms, found 1 plugins.
Preloading 0 native plugins for Editor in 0.00 ms.
Unloading 1817 Unused Serialized files (Serialized files now loaded: 0)
System memory in use before: 90.1 MB.
System memory in use after: 89.4 MB.

Unloading 25 unused Assets to reduce memory usage. Loaded Objects now: 2317.
Total: 2.654200 ms (FindLiveObjects: 0.389600 ms CreateObjectMapping: 0.111600 ms MarkObjects: 1.763700 ms  DeleteObjects: 0.388200 ms)

========================================================================
Received Prepare
Registering precompiled user dll's ...
Registered in 0.001317 seconds.
Begin MonoManager ReloadAssembly
Native extension for WindowsStandalone target not found
Refreshing native plugins compatible for Editor in 0.48 ms, found 1 plugins.
Preloading 0 native plugins for Editor in 0.00 ms.
Mono: successfully reloaded assembly
- Completed reload, in  0.881 seconds
Platform modules already initialized, skipping
Refreshing native plugins compatible for Editor in 0.59 ms, found 1 plugins.
Preloading 0 native plugins for Editor in 0.00 ms.
Unloading 1817 Unused Serialized files (Serialized files now loaded: 0)
System memory in use before: 90.1 MB.
System memory in use after: 89.4 MB.

Unloading 25 unused Assets to reduce memory usage. Loaded Objects now: 2321.
Total: 2.576200 ms (FindLiveObjects: 0.190300 ms CreateObjectMapping: 0.048100 ms MarkObjects: 1.938000 ms  DeleteObjects: 0.398600 ms)

========================================================================
Received Prepare
Registering precompiled user dll's ...
Registered in 0.001470 seconds.
Begin MonoManager ReloadAssembly
Native extension for WindowsStandalone target not found
Refreshing native plugins compatible for Editor in 0.31 ms, found 1 plugins.
Preloading 0 native plugins for Editor in 0.00 ms.
Mono: successfully reloaded assembly
- Completed reload, in  0.908 seconds
Platform modules already initialized, skipping
Refreshing native plugins compatible for Editor in 0.43 ms, found 1 plugins.
Preloading 0 native plugins for Editor in 0.00 ms.
Unloading 1817 Unused Serialized files (Serialized files now loaded: 0)
System memory in use before: 90.1 MB.
System memory in use after: 89.4 MB.

Unloading 25 unused Assets to reduce memory usage. Loaded Objects now: 2325.
Total: 2.993500 ms (FindLiveObjects: 0.197100 ms CreateObjectMapping: 0.071300 ms MarkObjects: 2.170700 ms  DeleteObjects: 0.553300 ms)

========================================================================
Received Prepare
Registering precompiled user dll's ...
Registered in 0.001529 seconds.
Begin MonoManager ReloadAssembly
Native extension for WindowsStandalone target not found
Refreshing native plugins compatible for Editor in 0.31 ms, found 1 plugins.
Preloading 0 native plugins for Editor in 0.00 ms.
Mono: successfully reloaded assembly
- Completed reload, in  0.865 seconds
Platform modules already initialized, skipping
Refreshing native plugins compatible for Editor in 0.44 ms, found 1 plugins.
Preloading 0 native plugins for Editor in 0.00 ms.
Unloading 1817 Unused Serialized files (Serialized files now loaded: 0)
System memory in use before: 90.1 MB.
System memory in use after: 89.4 MB.

Unloading 25 unused Assets to reduce memory usage. Loaded Objects now: 2329.
Total: 2.240600 ms (FindLiveObjects: 0.180000 ms CreateObjectMapping: 0.061900 ms MarkObjects: 1.608700 ms  DeleteObjects: 0.389000 ms)

========================================================================
Received Prepare
Registering precompiled user dll's ...
Registered in 0.001354 seconds.
Begin MonoManager ReloadAssembly
Native extension for WindowsStandalone target not found
Refreshing native plugins compatible for Editor in 0.32 ms, found 1 plugins.
Preloading 0 native plugins for Editor in 0.00 ms.
Mono: successfully reloaded assembly
- Completed reload, in  0.815 seconds
Platform modules already initialized, skipping
Refreshing native plugins compatible for Editor in 0.32 ms, found 1 plugins.
Preloading 0 native plugins for Editor in 0.00 ms.
Unloading 1817 Unused Serialized files (Serialized files now loaded: 0)
System memory in use before: 90.1 MB.
System memory in use after: 89.4 MB.

Unloading 25 unused Assets to reduce memory usage. Loaded Objects now: 2333.
Total: 2.441500 ms (FindLiveObjects: 0.182800 ms CreateObjectMapping: 0.057200 ms MarkObjects: 1.804400 ms  DeleteObjects: 0.396100 ms)

========================================================================
Received Import Request.
  Time since last request: 2367.624729 seconds.
  path: Assets/MainMenu.cs
  artifactKey: Guid(fe27764de474fe24f96c11323d548985) Importer(815301076,1909f56bfc062723c751e8b465ee728b)
Start importing Assets/MainMenu.cs using Guid(fe27764de474fe24f96c11323d548985) Importer(815301076,1909f56bfc062723c751e8b465ee728b)  -> (artifact id: '40402d28fbb1e80aebb3b60237a31a56') in 0.044608 seconds
  Import took 0.047526 seconds .

========================================================================
Received Import Request.
  Time since last request: 1220.238633 seconds.
  path: Assets/BloodGrad.asset
  artifactKey: Guid(3bc2ebe3b06a68e49953a23b95b02b1d) Importer(815301076,1909f56bfc062723c751e8b465ee728b)
Start importing Assets/BloodGrad.asset using Guid(3bc2ebe3b06a68e49953a23b95b02b1d) Importer(815301076,1909f56bfc062723c751e8b465ee728b)  -> (artifact id: '87ca0439135d9fff0c813d43e245a474') in 0.033710 seconds
  Import took 0.038349 seconds .

AssetImportWorkerClient::OnTransportError - code=2 error=End of file
